CPU usage: 0%
CPU usage: 0.6228913%
CPU usage: 0.310559%
Date_2024-11-11 Time_20_05_56 - CPU usage: 68.57143%
Date_2024-11-11 Time_20_05_56 - CPU usage: 0.6209573%
Date_2024-11-11 Time_20_05_56 - CPU usage: 0%
Date_2024-11-11 Time_20_05_56 - CPU usage: 0%
Date_2024-11-11 Time_20_05_56 - CPU usage: 0%
Date_2024-11-11 Time_20_05_56 - CPU usage: 0.62305295%
Date_2024-11-11 Time_20_05_56 - CPU usage: 0.310559%
Date_2024-11-11 Time_20_05_56 - CPU usage: 0%
Date: 2024/11/11 Time: 20:07:20 - CPU usage: 0%
Date: 2024/11/11 Time: 20:07:20 - CPU usage: 0%
Date: 2024/11/11 Time: 20:07:20 - CPU usage: 0.3106394%
Date: 2024/11/11 Time: 20:07:20 - CPU usage: 0%
Date: 2024/11/11 Time: 20:07:20 - CPU usage: 0.310559%
Date: 2024/11/11 Time: 20:07:20 - CPU usage: 0.31152648%
Date: 2024/11/11 Time: 20:07:20 - CPU usage: 0%
Date: 2024/11/11 Time: 20:07:20 - CPU usage: 0%
Date: 2024/11/11 Time: 20:07:20 - CPU usage: 0%
Date: 2024/11/11 Time: 20:07:20 - CPU usage: 0%
Date: 2024/11/11 Time: 20:07:20 - CPU usage: 0.310559%
Date: 2024/11/11 Time: 20:07:20 - CPU usage: 0%
Date: 2024/11/11 Time: 20:07:20 - CPU usage: 0%
Date: 2024/11/11 Time: 20:07:20 - CPU usage: 0%
Date: 2024/11/11 Time: 20:07:20 - CPU usage: 0.3095975%
Date: 2024/11/11 Time: 20:07:20 - CPU usage: 0.31152648%
Date: 2024/11/11 Time: 20:07:20 - CPU usage: 0%
Date: 2024/11/11 Time: 20:07:20 - CPU usage: 0%
Date: 2024/11/11 Time: 20:07:20 - CPU usage: 0.310559%
Date: 2024/11/11 Time: 20:07:20 - CPU usage: 0.31152648%
Date: 2024/11/11 Time: 20:07:20 - CPU usage: 0%
Date(GG/MM/YYYY): 11/11/2024 Time: 20:09:26 - CPU usage: 52.173912%
Date(GG/MM/YYYY): 11/11/2024 Time: 20:09:26 - CPU usage: 0.31047866%
Date(GG/MM/YYYY): 11/11/2024 Time: 20:09:26 - CPU usage: 0.9316769%
Date(GG/MM/YYYY): 11/11/2024 Time: 20:09:26 - CPU usage: 0%
Date(GG/MM/YYYY): 11/11/2024 Time: 20:09:26 - CPU usage: 0%
Date(GG/MM/YYYY): 11/11/2024 Time: 20:28:50 - CPU usage: 52.173912%
Date(GG/MM/YYYY): 11/11/2024 Time: 20:28:50 - CPU usage: 0.6248373%
Date(GG/MM/YYYY): 12/11/2024 Time: 15:26:26 - CPU usage: 0%
Date(GG/MM/YYYY): 12/11/2024 Time: 15:43:36 - CPU usage: 0%
Date(GG/MM/YYYY): 12/11/2024 Time: 15:44:48 - CPU usage: 0%
Date(GG/MM/YYYY): 12/11/2024 Time: 15:44:48 - CPU usage: 0.013017444%
Date(GG/MM/YYYY): 12/11/2024 Time: 15:44:48 - CPU usage: 0%
Date(GG/MM/YYYY): 12/11/2024 Time: 15:44:48 - CPU usage: 0.026034888%
Date(GG/MM/YYYY): 12/11/2024 Time: 15:51:03 - CPU usage: 0%
Date(GG/MM/YYYY): 12/11/2024 Time: 15:51:10 - CPU usage: 80%
Date(GG/MM/YYYY): 12/11/2024 Time: 15:51:28 - CPU usage: 0%
Date(GG/MM/YYYY): 12/11/2024 Time: 15:51:03 - CPU usage: 0%
Date(GG/MM/YYYY): 12/11/2024 Time: 15:51:03 - CPU usage: 0%
Date(GG/MM/YYYY): 12/11/2024 Time: 15:51:03 - CPU usage: 0%
Date(GG/MM/YYYY): 12/11/2024 Time: 15:51:03 - CPU usage: 0%
Date(GG/MM/YYYY): 12/11/2024 Time: 15:51:03 - CPU usage: 0%
Date(GG/MM/YYYY): 12/11/2024 Time: 16:03:55 - CPU usage: 16.216217%
Date(GG/MM/YYYY): 12/11/2024 Time: 16:11:39 - CPU usage: 0%
Date(GG/MM/YYYY): 12/11/2024 Time: 16:12:05 - CPU usage: 8.450705%
Date(GG/MM/YYYY): 12/11/2024 Time: 16:13:02 - CPU usage: 52.173912%
Date(GG/MM/YYYY): 12/11/2024 Time: 16:13:02 - CPU usage: 0.03905699%
Date(GG/MM/YYYY): 12/11/2024 Time: 16:13:02 - CPU usage: 0.013020834%
Date(GG/MM/YYYY): 12/11/2024 Time: 16:13:02 - CPU usage: 0%
Date(GG/MM/YYYY): 12/11/2024 Time: 16:13:02 - CPU usage: 0.013019138%
Date(GG/MM/YYYY): 12/11/2024 Time: 16:13:02 - CPU usage: 0%
Date(GG/MM/YYYY): 12/11/2024 Time: 16:13:02 - CPU usage: 0.013019138%
Date(GG/MM/YYYY): 12/11/2024 Time: 16:13:02 - CPU usage: 0.01301222%
Date(GG/MM/YYYY): 12/11/2024 Time: 16:29:22 - CPU usage: 35.294117%
Date(GG/MM/YYYY): 12/11/2024 Time: 16:30:46 - CPU usage: 24.489796%
Date(GG/MM/YYYY): 12/11/2024 Time: 16:30:46 - CPU usage: 0%
Date(GG/MM/YYYY): 12/11/2024 Time: 16:32:58 - CPU usage: 0%
Date(GG/MM/YYYY): 12/11/2024 Time: 16:32:58 - CPU usage: 0.013019138%
Date(GG/MM/YYYY): 12/11/2024 Time: 16:32:58 - CPU usage: 0%
Date(GG/MM/YYYY): 12/11/2024 Time: 16:37:36 - CPU usage: 0%
Date(GG/MM/YYYY): 12/11/2024 Time: 16:39:22 - CPU usage: 100.00001%
Date(GG/MM/YYYY): 12/11/2024 Time: 16:40:20 - CPU usage: 50.000004%
Date(GG/MM/YYYY): 12/11/2024 Time: 16:46:05 - CPU usage: 0%
Date(GG/MM/YYYY): 12/11/2024 Time: 16:46:47 - CPU usage: 0%
Date(GG/MM/YYYY): 12/11/2024 Time: 16:47:36 - CPU usage: 0%
Date(GG/MM/YYYY): 12/11/2024 Time: 16:48:18 - CPU usage: 0%
Date(GG/MM/YYYY): 12/11/2024 Time: 16:49:25 - CPU usage: 100.00001%
Date(GG/MM/YYYY): 12/11/2024 Time: 16:50:03 - CPU usage: 92.30769%
Date(GG/MM/YYYY): 12/11/2024 Time: 16:50:31 - CPU usage: 100.00001%
Date(GG/MM/YYYY): 12/11/2024 Time: 16:51:18 - CPU usage: 0%
Date(GG/MM/YYYY): 12/11/2024 Time: 16:52:21 - CPU usage: 75%
Date(GG/MM/YYYY): 12/11/2024 Time: 16:52:21 - CPU usage: 0.013020834%
Date(GG/MM/YYYY): 12/11/2024 Time: 16:52:21 - CPU usage: 0.013019138%
Date(GG/MM/YYYY): 12/11/2024 Time: 16:52:21 - CPU usage: 0%
Date(GG/MM/YYYY): 12/11/2024 Time: 16:52:21 - CPU usage: 0.013019138%
Date(GG/MM/YYYY): 12/11/2024 Time: 17:02:50 - CPU usage: 0%
Date(GG/MM/YYYY): 12/11/2024 Time: 17:02:50 - CPU usage: 0.013019279%
Date(GG/MM/YYYY): 12/11/2024 Time: 17:02:50 - CPU usage: 0%
Date(GG/MM/YYYY): 12/11/2024 Time: 17:08:25 - CPU usage: 66.66667%
Date(GG/MM/YYYY): 12/11/2024 Time: 17:08:25 - CPU usage: 0.026038276%
